<?xml version="1.0" encoding="UTF-8"?>
<!-- Generated by org.testng.reporters.JUnitReportReporter -->
<testsuite hostname="DESKTOP-CDMV53M" failures="0" tests="3" name="testrunner.TestRunner" time="22.623" errors="0" timestamp="2023-01-20T15:06:28 IST" skipped="0">
  <testcase classname="testrunner.TestRunner" name="runScenario" time="5.286"/>
  <system-out/>
  <testcase classname="testrunner.TestRunner" name="runScenario" time="11.808"/>
  <system-out/>
  <testcase classname="testrunner.TestRunner" name="runScenario" time="5.529"/>
  <system-out/>
</testsuite> <!-- testrunner.TestRunner -->
