<?xml version="1.0" encoding="UTF-8"?>
<!-- Generated by org.testng.reporters.JUnitReportReporter -->
<testsuite hostname="DESKTOP-CDMV53M" failures="0" tests="1" name="CucumberPractice.CucumberPractice.AppTest" time="0.018" errors="0" timestamp="2023-01-17T17:14:29 IST" skipped="0">
  <testcase classname="CucumberPractice.CucumberPractice.AppTest" name="shouldAnswerWithTrue" time="0.018"/>
  <system-out/>
</testsuite> <!-- CucumberPractice.CucumberPractice.AppTest -->
